<?xml version="1.0" encoding="UTF-8"?>
<testng-results skipped="0" failed="0" ignored="0" total="1" passed="1">
  <reporter-output>
  </reporter-output>
  <suite name="Default suite" duration-ms="15807" started-at="2020-05-22T05:06:17 EDT" finished-at="2020-05-22T05:06:33 EDT">
    <groups>
      <group name="cucumber">
        <method signature="AbstractTestNGCucumberTests.feature(cucumber.api.testng.CucumberFeatureWrapper)[pri:0, instance:pack.Runner.MyntraRunnerPage@48503868]" name="feature" class="cucumber.api.testng.AbstractTestNGCucumberTests"/>
      </group> <!-- cucumber -->
    </groups>
    <test name="Default test" duration-ms="15807" started-at="2020-05-22T05:06:17 EDT" finished-at="2020-05-22T05:06:33 EDT">
      <class name="pack.Runner.MyntraRunnerPage">
        <test-method status="PASS" signature="setUpClass()[pri:0, instance:pack.Runner.MyntraRunnerPage@48503868]" name="setUpClass" is-config="true" duration-ms="212" started-at="2020-05-22T05:06:17 EDT" finished-at="2020-05-22T05:06:18 EDT">
          <reporter-output>
          </reporter-output>
        </test-method> <!-- setUpClass -->
        <test-method status="PASS" signature="feature(cucumber.api.testng.CucumberFeatureWrapper)[pri:0, instance:pack.Runner.MyntraRunnerPage@48503868]" name="feature" duration-ms="15175" started-at="2020-05-22T05:06:18 EDT" description="Runs Cucumber Feature" data-provider="features" finished-at="2020-05-22T05:06:33 EDT">
          <params>
            <param index="0">
              <value>
                <![CDATA[Myntra Homepage Search box Verification]]>
              </value>
            </param>
          </params>
          <reporter-output>
          </reporter-output>
        </test-method> <!-- feature -->
        <test-method status="PASS" signature="generateExtentReport()[pri:0, instance:pack.Runner.MyntraRunnerPage@48503868]" name="generateExtentReport" is-config="true" duration-ms="25" started-at="2020-05-22T05:06:33 EDT" finished-at="2020-05-22T05:06:33 EDT">
          <reporter-output>
          </reporter-output>
        </test-method> <!-- generateExtentReport -->
        <test-method status="PASS" signature="tearDownClass()[pri:0, instance:pack.Runner.MyntraRunnerPage@48503868]" name="tearDownClass" is-config="true" duration-ms="288" started-at="2020-05-22T05:06:33 EDT" finished-at="2020-05-22T05:06:33 EDT">
          <reporter-output>
          </reporter-output>
        </test-method> <!-- tearDownClass -->
      </class> <!-- pack.Runner.MyntraRunnerPage -->
    </test> <!-- Default test -->
  </suite> <!-- Default suite -->
</testng-results>
